<?xml version="1.0" encoding="UTF-8"?>
<testsuite xmlns:xsi="http://www.w3.org/2001/XMLSchema-instance" xsi:noNamespaceSchemaLocation="https://maven.apache.org/surefire/maven-surefire-plugin/xsd/surefire-test-report-3.0.xsd" version="3.0" name="nl.sogyo.mancala.domain.TestKalaha" time="0.026" tests="12" errors="0" skipped="0" failures="0">
  <properties>
[...]
</properties>
  <testcase name="testKalahaReceivesStones" classname="nl.sogyo.mancala.domain.TestKalaha" time="0.003"/>
  <testcase name="testKalahaOtherPlayerReceivesStones" classname="nl.sogyo.mancala.domain.TestKalaha" time="0.001"/>
  <testcase name="testOpponentKalahaDoesNotReceiveStones" classname="nl.sogyo.mancala.domain.TestKalaha" time="0"/>
  <testcase name="testSamePlayerGetsTurnWhenLastStoneIsDroppedInHisKalaha" classname="nl.sogyo.mancala.domain.TestKalaha" time="0.002"/>
  <testcase name="testKalahaPassesCorrectAmountOfStones" classname="nl.sogyo.mancala.domain.TestKalaha" time="0"/>
  <testcase name="testGameHasWinnerWhenEnding" classname="nl.sogyo.mancala.domain.TestKalaha" time="0"/>
  <testcase name="testKalahaOtherPlayerPassesCorrectAmountOfStones" classname="nl.sogyo.mancala.domain.TestKalaha" time="0.001"/>
  <testcase name="testKalahaCanEndGame" classname="nl.sogyo.mancala.domain.TestKalaha" time="0.001"/>
  <testcase name="testOpponentCanWinWhenNotHisKalahaEndsGame" classname="nl.sogyo.mancala.domain.TestKalaha" time="0.001"/>
  <testcase name="testKalahaOpponentCanEndGame" classname="nl.sogyo.mancala.domain.TestKalaha" time="0"/>
  <testcase name="testOpponentGetsTurnWhenLastStoneIsDroppedInHisKalaha" classname="nl.sogyo.mancala.domain.TestKalaha" time="0.001"/>
  <testcase name="testKalahaReceivesStonesWhenStolen" classname="nl.sogyo.mancala.domain.TestKalaha" time="0"/>
</testsuite>